Tue, 10 May 2016 19:38:19 log_in.py[line:30] INFO account and user_name and passwd in payload: 你 username20 密码
Tue, 10 May 2016 19:38:19 db.py[line:19] INFO database connection has gone away
Tue, 10 May 2016 19:38:19 db.py[line:40] INFO database reconnect
Tue, 10 May 2016 19:38:19 log_in.py[line:35] INFO ((u'\u4f60', u'\u5bc6\u7801', 24L, u'user_name'),)
Tue, 10 May 2016 19:38:19 web.py[line:1946] INFO 200 POST /log_in (::1) 12.73ms
Tue, 10 May 2016 19:38:30 sign_up.py[line:30] INFO account and user_name and passwd in payload: 你 username20 密码
Tue, 10 May 2016 19:38:30 sign_up.py[line:35] INFO ((u'\u4f60',),)
Tue, 10 May 2016 19:38:30 web.py[line:1946] INFO 200 POST /sign_up (::1) 1.35ms
Tue, 10 May 2016 19:38:56 sign_up.py[line:30] INFO account and user_name and passwd in payload: 这是一个账号 username20 这是一个密码
Tue, 10 May 2016 19:38:56 sign_up.py[line:35] INFO ()
Tue, 10 May 2016 19:38:56 web.py[line:1946] INFO 200 POST /sign_up (::1) 2.55ms
Tue, 10 May 2016 19:39:19 log_in.py[line:30] INFO account and user_name and passwd in payload: 这是一个账号 username20 这是一个密码
Tue, 10 May 2016 19:39:19 log_in.py[line:35] INFO ((u'\u8fd9\u662f\u4e00\u4e2a\u8d26\u53f7', u'\u8fd9\u662f\u4e00\u4e2a\u5bc6\u7801', 25L, u'username20'),)
Tue, 10 May 2016 19:39:19 web.py[line:1946] INFO 200 POST /log_in (::1) 1.87ms
Tue, 10 May 2016 19:39:26 log_in.py[line:30] INFO account and user_name and passwd in payload: 这是一个账号 username20 这是一个密码m
Tue, 10 May 2016 19:39:26 log_in.py[line:35] INFO ((u'\u8fd9\u662f\u4e00\u4e2a\u8d26\u53f7', u'\u8fd9\u662f\u4e00\u4e2a\u5bc6\u7801', 25L, u'username20'),)
Tue, 10 May 2016 19:39:26 web.py[line:1946] INFO 200 POST /log_in (::1) 1.32ms
Tue, 10 May 2016 19:41:11 log_in.py[line:30] INFO account and user_name and passwd in payload: 这是一个账号 username20 这是一个密码m
Tue, 10 May 2016 19:41:11 log_in.py[line:35] INFO ((u'\u8fd9\u662f\u4e00\u4e2a\u8d26\u53f7', u'\u8fd9\u662f\u4e00\u4e2a\u5bc6\u7801', 25L, u'username20'),)
Tue, 10 May 2016 19:41:11 web.py[line:1946] INFO 200 POST /log_in (::1) 1.38ms
Tue, 10 May 2016 19:44:16 log_in.py[line:30] INFO account and user_name and passwd in payload: 这是一个账号 username20 这是一个密码m
Tue, 10 May 2016 19:44:16 log_in.py[line:35] INFO ((u'\u8fd9\u662f\u4e00\u4e2a\u8d26\u53f7', u'\u8fd9\u662f\u4e00\u4e2a\u5bc6\u7801', 25L, u'username20'),)
Tue, 10 May 2016 19:44:16 web.py[line:1946] INFO 200 POST /log_in (::1) 1.38ms
Tue, 10 May 2016 19:45:33 log_in.py[line:30] INFO account and user_name and passwd in payload: 这是一个账号 username20 这是一个密码
Tue, 10 May 2016 19:45:33 log_in.py[line:35] INFO ((u'\u8fd9\u662f\u4e00\u4e2a\u8d26\u53f7', u'\u8fd9\u662f\u4e00\u4e2a\u5bc6\u7801', 25L, u'username20'),)
Tue, 10 May 2016 19:45:33 web.py[line:1946] INFO 200 POST /log_in (::1) 1.53ms
